           _                 _    
  __ _  __| |_ __ __ _ _ __ | |_  
 / _` |/ _` | '__/ _` | '_ \| __| 
| (_| | (_| | | | (_| | | | | |_  
 \__, |\__,_|_|  \__,_|_| |_|\__| 
    |_|                           

Version: 1.11.4, build: d8b6e4a0
Access web UI at http://localhost:6333/dashboard

2024-09-24T14:52:34.933053Z  INFO storage::content_manager::consensus::persistent: Loading raft state from ./storage/raft_state.json    
2024-09-24T14:52:34.935517Z DEBUG storage::content_manager::consensus::persistent: State: Persistent { state: RaftState { hard_state: HardState { term: 0, vote: 0, commit: 0 }, conf_state: ConfState { voters: [3432537388672258], learners: [], voters_outgoing: [], learners_next: [], auto_leave: false } }, latest_snapshot_meta: SnapshotMetadataSer { term: 0, index: 0 }, apply_progress_queue: EntryApplyProgressQueue(None), peer_address_by_id: RwLock { data: {} }, peer_metadata_by_id: RwLock { data: {} }, cluster_metadata: {}, this_peer_id: 3432537388672258, path: "./storage/raft_state.json", dirty: false }    
2024-09-24T14:52:34.983913Z  INFO storage::content_manager::toc: Loading collection: default    
2024-09-24T14:52:35.492622Z  INFO collection::shards::local_shard: Recovering collection default: 0/1 (0%)    
2024-09-24T14:52:35.718257Z  INFO collection::shards::local_shard: Recovered collection default: 1/1 (100%)    
2024-09-24T14:52:35.735282Z DEBUG qdrant: Loaded collection: default    
2024-09-24T14:52:35.735973Z  INFO qdrant: Distributed mode disabled    
2024-09-24T14:52:35.736375Z  INFO qdrant: Telemetry reporting disabled    
2024-09-24T14:52:35.738133Z DEBUG qdrant: Waiting for thread web to finish    
2024-09-24T14:52:35.741755Z  WARN qdrant::actix::web_ui: Static content folder for Web UI './static' does not exist    
2024-09-24T14:52:35.743111Z  INFO qdrant::actix: TLS disabled for REST API    
2024-09-24T14:52:35.743602Z  INFO qdrant::actix: Qdrant HTTP listening on 6333    
2024-09-24T14:52:35.743946Z  INFO actix_server::builder: Starting 11 workers
2024-09-24T14:52:35.744722Z  INFO actix_server::server: Actix runtime found; starting in Actix runtime
2024-09-24T14:52:35.752002Z  INFO qdrant::tonic: Qdrant gRPC listening on 6334    
2024-09-24T14:52:35.752086Z  INFO qdrant::tonic: TLS disabled for gRPC API    
2024-09-24T14:52:52.189554Z  INFO actix_web::middleware::logger: 127.0.0.1 "POST /collections/default/points/search HTTP/1.1" 200 46 "-" "-" 0.028975    
2024-09-24T14:53:54.904848Z  INFO actix_web::middleware::logger: 127.0.0.1 "POST /collections/default/points/search HTTP/1.1" 200 29076 "-" "-" 0.056113    
